# JRE version: OpenJDK Runtime Environment Temurin-17.0.4.1+1 (17.0.4.1+1) (build 17.0.4.1+1)
# Java VM: OpenJDK 64-Bit Server VM Temurin-17.0.4.1+1 (17.0.4.1+1, mixed mode, tiered, compressed oops, compressed class ptrs, g1 gc, windows-amd64)
GC Precious Log:
 CPUs: 4 total, 4 available
 Memory: 8113M
 Large Page Support: Disabled
 NUMA Support: Disabled
 Compressed Oops: Enabled (32-bit)
 Heap Region Size: 1M
 Heap Min Capacity: 8M
 Heap Initial Capacity: 128M
 Heap Max Capacity: 2030M
 Pre-touch: Disabled
 Parallel Workers: 4
 Concurrent Workers: 1
 Concurrent Refinement Workers: 4
 Periodic GC: Disabled
Heap:
 garbage-first heap   total 37888K, used 24766K [0x0000000081200000, 0x0000000100000000)
  region size 1024K, 10 young (10240K), 2 survivors (2048K)
 Metaspace       used 33485K, committed 33856K, reserved 1081344K
  class space    used 3799K, committed 3968K, reserved 1048576K
GC Heap History (12 events):
Event: 1.610 GC heap before
{Heap before GC invocations=0 (full 0):
 garbage-first heap   total 131072K, used 12288K [0x0000000081200000, 0x0000000100000000)
  region size 1024K, 13 young (13312K), 0 survivors (0K)
 Metaspace       used 9103K, committed 9280K, reserved 1064960K
  class space    used 806K, committed 896K, reserved 1048576K
}
Event: 1.621 GC heap after
{Heap after GC invocations=1 (full 0):
 garbage-first heap   total 131072K, used 6403K [0x0000000081200000, 0x0000000100000000)
  region size 1024K, 2 young (2048K), 2 survivors (2048K)
 Metaspace       used 9103K, committed 9280K, reserved 1064960K
  class space    used 806K, committed 896K, reserved 1048576K
}
Event: 2.684 GC heap before
{Heap before GC invocations=1 (full 0):
 garbage-first heap   total 131072K, used 16643K [0x0000000081200000, 0x0000000100000000)
  region size 1024K, 12 young (12288K), 2 survivors (2048K)
 Metaspace       used 14297K, committed 14464K, reserved 1064960K
  class space    used 1411K, committed 1472K, reserved 1048576K
}
Event: 2.690 GC heap after
{Heap after GC invocations=2 (full 0):
 garbage-first heap   total 131072K, used 7322K [0x0000000081200000, 0x0000000100000000)
  region size 1024K, 2 young (2048K), 2 survivors (2048K)
 Metaspace       used 14297K, committed 14464K, reserved 1064960K
  class space    used 1411K, committed 1472K, reserved 1048576K
}
Event: 6.784 GC heap before
{Heap before GC invocations=2 (full 0):
 garbage-first heap   total 131072K, used 27802K [0x0000000081200000, 0x0000000100000000)
  region size 1024K, 22 young (22528K), 2 survivors (2048K)
 Metaspace       used 21015K, committed 21312K, reserved 1073152K
  class space    used 2319K, committed 2432K, reserved 1048576K
}
Event: 6.793 GC heap after
{Heap after GC invocations=3 (full 0):
 garbage-first heap   total 131072K, used 9130K [0x0000000081200000, 0x0000000100000000)
  region size 1024K, 3 young (3072K), 3 survivors (3072K)
 Metaspace       used 21015K, committed 21312K, reserved 1073152K
  class space    used 2319K, committed 2432K, reserved 1048576K
}
Event: 6.891 GC heap before
{Heap before GC invocations=3 (full 0):
 garbage-first heap   total 131072K, used 10154K [0x0000000081200000, 0x0000000100000000)
  region size 1024K, 5 young (5120K), 3 survivors (3072K)
 Metaspace       used 21202K, committed 21504K, reserved 1073152K
  class space    used 2336K, committed 2496K, reserved 1048576K
}
Event: 6.897 GC heap after
{Heap after GC invocations=4 (full 0):
 garbage-first heap   total 131072K, used 9142K [0x0000000081200000, 0x0000000100000000)
  region size 1024K, 3 young (3072K), 3 survivors (3072K)
 Metaspace       used 21202K, committed 21504K, reserved 1073152K
  class space    used 2336K, committed 2496K, reserved 1048576K
}
Event: 8.355 GC heap before
{Heap before GC invocations=5 (full 0):
 garbage-first heap   total 37888K, used 27574K [0x0000000081200000, 0x0000000100000000)
  region size 1024K, 22 young (22528K), 3 survivors (3072K)
 Metaspace       used 26947K, committed 27200K, reserved 1073152K
  class space    used 3032K, committed 3136K, reserved 1048576K
}
Event: 8.368 GC heap after
{Heap after GC invocations=6 (full 0):
 garbage-first heap   total 37888K, used 11424K [0x0000000081200000, 0x0000000100000000)
  region size 1024K, 3 young (3072K), 3 survivors (3072K)
 Metaspace       used 26947K, committed 27200K, reserved 1073152K
  class space    used 3032K, committed 3136K, reserved 1048576K
}
Event: 13.078 GC heap before
{Heap before GC invocations=6 (full 0):
 garbage-first heap   total 37888K, used 27808K [0x0000000081200000, 0x0000000100000000)
  region size 1024K, 15 young (15360K), 3 survivors (3072K)
 Metaspace       used 30045K, committed 30400K, reserved 1081344K
  class space    used 3475K, committed 3648K, reserved 1048576K
}
Event: 13.085 GC heap after
{Heap after GC invocations=7 (full 0):
 garbage-first heap   total 37888K, used 17598K [0x0000000081200000, 0x0000000100000000)
  region size 1024K, 2 young (2048K), 2 survivors (2048K)
 Metaspace       used 30045K, committed 30400K, reserved 1081344K
  class space    used 3475K, committed 3648K, reserved 1048576K
}

