<?xml version="1.0" encoding="UTF-8"?>
<testng-results ignored="0" total="1" passed="1" failed="0" skipped="0">
  <reporter-output>
  </reporter-output>
  <suite started-at="2025-02-13T20:41:03 IST" name="Suite" finished-at="2025-02-13T20:43:36 IST" duration-ms="152921">
    <groups>
    </groups>
    <test started-at="2025-02-13T20:41:03 IST" name="Test" finished-at="2025-02-13T20:43:36 IST" duration-ms="152921">
      <class name="tests.FlipkartProductTest">
        <test-method signature="flipkartProductTest()[pri:0, instance:tests.FlipkartProductTest@1ab3a8c8]" started-at="2025-02-13T20:41:12 IST" name="flipkartProductTest" finished-at="2025-02-13T20:43:33 IST" duration-ms="141446" status="PASS">
          <reporter-output>
          </reporter-output>
        </test-method> <!-- flipkartProductTest -->
      </class> <!-- tests.FlipkartProductTest -->
    </test> <!-- Test -->
  </suite> <!-- Suite -->
</testng-results>
