<?xml version="1.0" encoding="UTF-8"?>
<testng-results ignored="0" total="1" passed="1" failed="0" skipped="0">
  <reporter-output>
  </reporter-output>
  <suite started-at="2025-02-08T02:21:03 IST" name="Suite" finished-at="2025-02-08T02:22:11 IST" duration-ms="67497">
    <groups>
    </groups>
    <test started-at="2025-02-08T02:21:03 IST" name="Test" finished-at="2025-02-08T02:22:11 IST" duration-ms="67497">
      <class name="tests.FlipkartProductTest">
        <test-method signature="flipkartProductTest()[pri:0, instance:tests.FlipkartProductTest@76a4ebf2]" started-at="2025-02-08T02:21:05 IST" name="flipkartProductTest" finished-at="2025-02-08T02:22:11 IST" duration-ms="65667" status="PASS">
          <reporter-output>
          </reporter-output>
        </test-method> <!-- flipkartProductTest -->
      </class> <!-- tests.FlipkartProductTest -->
    </test> <!-- Test -->
  </suite> <!-- Suite -->
</testng-results>
