<?xml version="1.0" encoding="UTF-8"?>
<testng-results ignored="0" total="1" passed="1" failed="0" skipped="0">
  <reporter-output>
  </reporter-output>
  <suite started-at="2025-02-13T19:54:36 IST" name="Default suite" finished-at="2025-02-13T19:56:55 IST" duration-ms="138777">
    <groups>
    </groups>
    <test started-at="2025-02-13T19:54:36 IST" name="Default test" finished-at="2025-02-13T19:56:55 IST" duration-ms="138777">
      <class name="tests.FlipkartProductTest">
        <test-method signature="flipkartProductTest()[pri:0, instance:tests.FlipkartProductTest@2d3379b4]" started-at="2025-02-13T19:54:36 IST" name="flipkartProductTest" finished-at="2025-02-13T19:56:55 IST" duration-ms="138493" status="PASS">
          <reporter-output>
          </reporter-output>
        </test-method> <!-- flipkartProductTest -->
      </class> <!-- tests.FlipkartProductTest -->
    </test> <!-- Default test -->
  </suite> <!-- Default suite -->
</testng-results>
